
시작 시간: 2025-10-08 00:42:21
================================================================================
 100xFenok Generator - 6개 리포트 전체 테스트
 개선된 폴링 방식 HTML 추출 적용
================================================================================
TerminalX 자격 증명 로드 완료.
WebDriver 설정 완료 (좌측 FHD 모니터, 전체 화면).
출력 디렉토리 생성 완료.

[Phase 1] TerminalX 로그인...
TerminalX 로그인 시도...
페이지 로드 완료, 5초 대기...
로그인 버튼 찾음: //button[contains(text(), 'Log in')]
로그인 버튼 클릭 완료
이메일 입력 필드 찾음
비밀번호 입력 필드 찾음
이메일 입력:  meanstomakemewealthy@naver.com
비밀번호 입력 완료
로그인 제출 버튼 찾음
로그인 제출 버튼 클릭
로그인 성공 확인: //button[contains(., 'Subscriptions')]
TerminalX 로그인 성공

브라우저 종료 완료
Traceback (most recent call last):
  File "C:\Users\etlov\agents-workspace\projects\100xFenok-generator\test_full_6reports.py", line 43, in test_full_six_reports
    print("\u2705 로그인 성공")
UnicodeEncodeError: 'cp949' codec can't encode character '\u2705' in position 0: illegal multibyte sequence

During handling of the above exception, another exception occurred:

Traceback (most recent call last):
  File "C:\Users\etlov\agents-workspace\projects\100xFenok-generator\test_full_6reports.py", line 208, in <module>
    success = main()
              ^^^^^^
  File "C:\Users\etlov\agents-workspace\projects\100xFenok-generator\test_full_6reports.py", line 199, in main
    success = test_full_six_reports()
              ^^^^^^^^^^^^^^^^^^^^^^^
  File "C:\Users\etlov\agents-workspace\projects\100xFenok-generator\test_full_6reports.py", line 181, in test_full_six_reports
    print(f"\n\u274c 테스트 중 오류 발생: {e}")
UnicodeEncodeError: 'cp949' codec can't encode character '\u274c' in position 2: illegal multibyte sequence
